memory profiling: sample.interval=20000
:1191862:3331073:119682136:127:"<Anonymous>" "offline$run" "eval" "eval" "withVisible" "source" 
:1193326:3331073:120163400:31:"<Anonymous>" "offline$run" "eval" "eval" "withVisible" "source" 
:1194133:3331386:120247736:36:"<Anonymous>" "offline$run" "eval" "eval" "withVisible" "source" 
:975577:3809651:85939056:5516:"runif" "chosen_arm_object$draw" "offline$run" "eval" "eval" "withVisible" "source" 
:977238:4426991:86663864:6295:"offline$run" "eval" "eval" "withVisible" "source" 
:975721:3935715:85955240:4747:"$<-" "<Anonymous>" "offline$run" "eval" "eval" "withVisible" "source" 
:975532:3835840:85866144:2555:"offline$run" "eval" "eval" "withVisible" "source" 
:975532:3835840:85866144:0:"offline$run" "eval" "eval" "withVisible" "source" 
:975532:3835840:85866144:0:"offline$run" "eval" "eval" "withVisible" "source" 
:979570:5322774:87698296:1915:"offline$run" "eval" "eval" "withVisible" "source" 
:978796:5144769:87363752:7472:"offline$run" "eval" "eval" "withVisible" "source" 
:977749:4782061:86825816:6996:"offline$run" "eval" "eval" "withVisible" "source" 
:977510:4805809:86713704:7127:"offline$run" "eval" "eval" "withVisible" "source" 
:890975:5407112:84609952:3789:"offline$run" "eval" "eval" "withVisible" "source" 
:885792:3608096:82226592:6679:"offline$run" "eval" "eval" "withVisible" "source" 
:890673:5403168:84436184:5268:"offline$run" "eval" "eval" "withVisible" "source" 
:885165:3427900:81907504:6084:"offline$run" "eval" "eval" "withVisible" "source" 
:886558:3990545:82515608:6292:"$<-" "offline$run" "eval" "eval" "withVisible" "source" 
:890377:5404169:84267288:7372:"offline$run" "eval" "eval" "withVisible" "source" 
:888329:4683010:83263656:7061:"$<-" "<Anonymous>" "offline$run" "eval" "eval" "withVisible" "source" 
:886389:4065169:82370008:6911:"$" "<Anonymous>" "offline$run" "eval" "eval" "withVisible" "source" 
:890024:5424098:84004424:6768:"offline$run" "eval" "eval" "withVisible" "source" 
:887284:4121743:82920320:6842:"$" "offline$run" "eval" "eval" "withVisible" "source" 
:890607:5404420:84439264:7569:"offline$run" "eval" "eval" "withVisible" "source" 
:886801:4042611:82649224:6856:"$" "offline$run" "eval" "eval" "withVisible" "source" 
:890605:5404357:84338352:7395:"offline$run" "eval" "eval" "withVisible" "source" 
:886889:4143049:82640432:3818:"offline$run" "eval" "eval" "withVisible" "source" 
:887302:4322243:82813696:5612:"$" "offline$run" "eval" "eval" "withVisible" "source" 
:890334:5425100:84188048:1434:"offline$run" "eval" "eval" "withVisible" "source" 
:889358:5092400:83728848:4812:"offline$run" "eval" "eval" "withVisible" "source" 
:886198:3988604:82302304:1151:"<Anonymous>" "offline$run" "eval" "eval" "withVisible" "source" 
:885346:3680466:81884432:4671:"$" "offline$run" "eval" "eval" "withVisible" "source" 
:885804:3909347:82056184:7618:"<Anonymous>" "offline$run" "eval" "eval" "withVisible" "source" 
:889923:5423159:83942096:1963:"offline$run" "eval" "eval" "withVisible" "source" 
:889923:5423159:83942096:0:"offline$run" "eval" "eval" "withVisible" "source" 
:889923:5423159:83942096:0:"offline$run" "eval" "eval" "withVisible" "source" 
:770998:2399576:78678376:1338:"offline$run" "eval" "eval" "withVisible" "source" 
:779357:5528577:82513816:9365:"offline$run" "eval" "eval" "withVisible" "source" 
:776850:4656479:81356688:9386:"$" "offline$run" "eval" "eval" "withVisible" "source" 
:773726:3577808:79933784:9037:"$<-" "offline$run" "eval" "eval" "withVisible" "source" 
:776064:4399217:80949232:6213:"offline$run" "eval" "eval" "withVisible" "source" 
:777227:4884859:81494112:5754:"offline$run" "eval" "eval" "withVisible" "source" 
:778143:5296252:81946032:5602:"offline$run" "eval" "eval" "withVisible" "source" 
:778988:5528576:82279624:5402:"offline$run" "eval" "eval" "withVisible" "source" 
:769070:1933424:77729568:5343:"offline$run" "eval" "eval" "withVisible" "source" 
:770131:2343878:78206408:5501:"$" "which.is.max" "<Anonymous>" "offline$run" "eval" "eval" "withVisible" "source" 
:771463:2883088:78828736:5614:"$" "<Anonymous>" "offline$run" "eval" "eval" "withVisible" "source" 
:773911:3781688:79936864:6046:"offline$run" "eval" "eval" "withVisible" "source" 
:775285:4344521:80559920:5558:"offline$run" "eval" "eval" "withVisible" "source" 
:777297:5038739:81440856:5740:"$<-" "<Anonymous>" "offline$run" "eval" "eval" "withVisible" "source" 
:776731:4881227:81173680:4580:"$<-" "offline$run" "eval" "eval" "withVisible" "source" 
:778349:5525132:81953368:5611:"offline$run" "eval" "eval" "withVisible" "source" 
:770229:2520755:78169728:5542:"offline$run" "eval" "eval" "withVisible" "source" 
:771943:2811908:79161208:5700:"offline$run" "eval" "eval" "withVisible" "source" 
:771213:2629834:78815464:10275:"offline$run" "eval" "eval" "withVisible" "source" 
:779190:5529766:82431328:8980:"offline$run" "eval" "eval" "withVisible" "source" 
:777550:4967058:81674320:9597:"offline$run" "eval" "eval" "withVisible" "source" 
:775721:4399342:80850952:9465:"$<-" "<Anonymous>" "offline$run" "eval" "eval" "withVisible" "source" 
:771933:3012220:79075360:8286:"$" "offline$run" "eval" "eval" "withVisible" "source" 
:769311:2061992:77845600:8725:"$" "<Anonymous>" "offline$run" "eval" "eval" "withVisible" "source" 
:777984:5295062:81816112:9103:"chosen_arm_object$draw" "offline$run" "eval" "eval" "withVisible" "source" 
:775907:4576094:80855040:8809:"$" "offline$run" "eval" "eval" "withVisible" "source" 
:770270:2496757:78235920:6947:"offline$run" "eval" "eval" "withVisible" "source" 
:769514:2239057:77861392:9158:"offline$run" "eval" "eval" "withVisible" "source" 
:768900:2058861:77561512:9099:"offline$run" "eval" "eval" "withVisible" "source" 
:774703:3886948:80424288:7671:"offline$run" "eval" "eval" "withVisible" "source" 
:771923:2809654:79100336:9228:"chosen_arm_object$draw" "offline$run" "eval" "eval" "withVisible" "source" 
:768613:1653166:77568736:8919:"which.is.max" "<Anonymous>" "offline$run" "eval" "eval" "withVisible" "source" 
:778494:5297504:82064584:9836:"offline$run" "eval" "eval" "withVisible" "source" 
:778874:5499382:82233088:5367:"offline$run" "eval" "eval" "withVisible" "source" 
:777270:4889491:81518304:4319:"$" "<Anonymous>" "offline$run" "eval" "eval" "withVisible" "source" 
:776189:4575844:80997840:9660:"$<-" "offline$run" "eval" "eval" "withVisible" "source" 
:777706:5088489:81652032:5686:"<Anonymous>" "offline$run" "eval" "eval" "withVisible" "source" 
:770531:2522884:78376872:6568:"offline$run" "eval" "eval" "withVisible" "source" 
:768958:1958298:77638512:9043:"<Anonymous>" "offline$run" "eval" "eval" "withVisible" "source" 
:778655:5527949:82070016:9426:"offline$run" "eval" "eval" "withVisible" "source" 
:778145:5369310:81775344:9328:"$<-" "offline$run" "eval" "eval" "withVisible" "source" 
:777305:5164114:81433856:9172:"<Anonymous>" "offline$run" "eval" "eval" "withVisible" "source" 
:776003:4349468:81021304:8920:"offline$run" "eval" "eval" "withVisible" "source" 
:773001:3270484:79620688:9141:"<Anonymous>" "offline$run" "eval" "eval" "withVisible" "source" 
:769980:2166813:78207080:8991:"offline$run" "eval" "eval" "withVisible" "source" 
:779110:5528764:82366480:9530:"offline$run" "eval" "eval" "withVisible" "source" 
:774536:3886008:80265080:8081:"offline$run" "eval" "eval" "withVisible" "source" 
:771960:2960780:79052680:8887:"$<-" "<Anonymous>" "offline$run" "eval" "eval" "withVisible" "source" 
:769939:2266186:78101632:9067:"offline$run" "eval" "eval" "withVisible" "source" 
:768427:1753165:77406616:9148:"$" "<Anonymous>" "offline$run" "eval" "eval" "withVisible" "source" 
:778254:5344999:81847416:9490:"$" "offline$run" "eval" "eval" "withVisible" "source" 
:776589:4856665:81130952:8975:"offline$run" "eval" "eval" "withVisible" "source" 
:775787:4599904:80751888:9146:"offline$run" "eval" "eval" "withVisible" "source" 
:775416:4469395:80528616:9185:"offline$run" "eval" "eval" "withVisible" "source" 
:773171:3296298:79690128:9121:"runif" "chosen_arm_object$draw" "offline$run" "eval" "eval" "withVisible" "source" 
:769560:1937118:78000216:8766:"$<-" "offline$run" "eval" "eval" "withVisible" "source" 
:778556:5326448:82134024:9507:"$<-" "offline$run" "eval" "eval" "withVisible" "source" 
:775427:4194334:80678920:8843:"$" "offline$run" "eval" "eval" "withVisible" "source" 
:773001:3370671:79549120:9073:"<Anonymous>" "offline$run" "eval" "eval" "withVisible" "source" 
:770898:2626077:78567048:9052:"offline$run" "eval" "eval" "withVisible" "source" 
:768936:1907422:77641816:8972:"$<-" "offline$run" "eval" "eval" "withVisible" "source" 
:778572:5525508:82075000:9557:"offline$run" "eval" "eval" "withVisible" "source" 
:769671:2240184:77956592:5460:"max" "which.is.max" "<Anonymous>" "offline$run" "eval" "eval" "withVisible" "source" 
:774067:3885068:79998296:6914:"chosen_arm_object$draw" "offline$run" "eval" "eval" "withVisible" "source" 
:773087:3574238:79512160:9088:"offline$run" "eval" "eval" "withVisible" "source" 
:772605:3418103:79245320:9137:"$" "offline$run" "eval" "eval" "withVisible" "source" 
:769878:2063558:78163680:8862:"<Anonymous>" "offline$run" "eval" "eval" "withVisible" "source" 
:778611:5346941:82162640:9464:"<Anonymous>" "offline$run" "eval" "eval" "withVisible" "source" 
:768853:1755357:77677656:5794:"$<-" "offline$run" "eval" "eval" "withVisible" "source" 
:778019:5118748:81858336:9499:"$<-" "offline$run" "eval" "eval" "withVisible" "source" 
:779048:5528889:82336408:5674:"offline$run" "eval" "eval" "withVisible" "source" 
:777233:4914303:81513992:9341:"offline$run" "eval" "eval" "withVisible" "source" 
:775215:4243770:80575768:9144:"runif" "<Anonymous>" "offline$run" "eval" "eval" "withVisible" "source" 
:773572:3651367:79766120:9099:"offline$run" "eval" "eval" "withVisible" "source" 
:775591:4399341:80706864:5856:"offline$run" "eval" "eval" "withVisible" "source" 
:769906:2342500:78063160:7043:"offline$run" "eval" "eval" "withVisible" "source" 
:778077:5371188:81803848:8694:"offline$run" "eval" "eval" "withVisible" "source" 
:775395:4421586:80577112:8271:"<Anonymous>" "offline$run" "eval" "eval" "withVisible" "source" 
:772836:3446045:79334416:8113:"<Anonymous>" "offline$run" "eval" "eval" "withVisible" "source" 
:778441:5525194:81910696:2678:"offline$run" "eval" "eval" "withVisible" "source" 
:778441:5525194:81910696:0:"offline$run" "eval" "eval" "withVisible" "source" 
:768108:1372533:77388136:0:"offline$run" "eval" "eval" "withVisible" "source" 
:768963:1731422:77781032:5775:"offline$run" "eval" "eval" "withVisible" "source" 
:770843:2449263:78631224:6184:"$<-" "<Anonymous>" "offline$run" "eval" "eval" "withVisible" "source" 
:774264:3731314:80187072:6927:"$" "offline$run" "eval" "eval" "withVisible" "source" 
:771532:2757651:78938888:9157:"offline$run" "eval" "eval" "withVisible" "source" 
:768908:1806171:77695352:9047:"runif" "<Anonymous>" "offline$run" "eval" "eval" "withVisible" "source" 
