[11:35:32.047720]         0 > init - LinUCB alpha = 0.001 worker 1 at sim 1 of 3
[11:35:32.163618]         0 > init - LinUCB alpha = 1.0   worker 2 at sim 1 of 2
[11:35:33.091623]      1000 > step - LinUCB alpha = 0.001 running LiSamplingOfflineBandit and LinUCBDisjointOptimizedPolicy
[11:35:33.200997]      1000 > step - LinUCB alpha = 1.0   running LiSamplingOfflineBandit and LinUCBDisjointOptimizedPolicy
[11:35:34.038305]      2000 > step - LinUCB alpha = 0.001 running LiSamplingOfflineBandit and LinUCBDisjointOptimizedPolicy
[11:35:34.132056]      2000 > step - LinUCB alpha = 1.0   running LiSamplingOfflineBandit and LinUCBDisjointOptimizedPolicy
[11:35:35.014492]      3000 > step - LinUCB alpha = 0.001 running LiSamplingOfflineBandit and LinUCBDisjointOptimizedPolicy
[11:35:35.092626]      3000 > step - LinUCB alpha = 1.0   running LiSamplingOfflineBandit and LinUCBDisjointOptimizedPolicy
[11:35:36.029630]      4000 > step - LinUCB alpha = 0.001 running LiSamplingOfflineBandit and LinUCBDisjointOptimizedPolicy
[11:35:36.107378]      4000 > step - LinUCB alpha = 1.0   running LiSamplingOfflineBandit and LinUCBDisjointOptimizedPolicy
[11:35:37.023010]      5000 > step - LinUCB alpha = 0.001 running LiSamplingOfflineBandit and LinUCBDisjointOptimizedPolicy
[11:35:37.101136]      5000 > step - LinUCB alpha = 1.0   running LiSamplingOfflineBandit and LinUCBDisjointOptimizedPolicy
[11:35:37.989756]      6000 > step - LinUCB alpha = 0.001 running LiSamplingOfflineBandit and LinUCBDisjointOptimizedPolicy
[11:35:38.067878]      6000 > step - LinUCB alpha = 1.0   running LiSamplingOfflineBandit and LinUCBDisjointOptimizedPolicy
[11:35:38.932270]      7000 > step - LinUCB alpha = 0.001 running LiSamplingOfflineBandit and LinUCBDisjointOptimizedPolicy
[11:35:39.000654]      7000 > step - LinUCB alpha = 1.0   running LiSamplingOfflineBandit and LinUCBDisjointOptimizedPolicy
[11:35:39.911452]      8000 > step - LinUCB alpha = 0.001 running LiSamplingOfflineBandit and LinUCBDisjointOptimizedPolicy
[11:35:39.942706]      8000 > step - LinUCB alpha = 1.0   running LiSamplingOfflineBandit and LinUCBDisjointOptimizedPolicy
[11:35:40.802957]      9000 > step - LinUCB alpha = 0.001 running LiSamplingOfflineBandit and LinUCBDisjointOptimizedPolicy
[11:35:40.834217]      9000 > step - LinUCB alpha = 1.0   running LiSamplingOfflineBandit and LinUCBDisjointOptimizedPolicy
[11:35:41.711328]     10000 > step - LinUCB alpha = 0.001 running LiSamplingOfflineBandit and LinUCBDisjointOptimizedPolicy
[11:35:41.711328]         0 > init - LinUCB alpha = 0.01  worker 1 at sim 2 of 3
[11:35:41.766505]     10000 > step - LinUCB alpha = 1.0   running LiSamplingOfflineBandit and LinUCBDisjointOptimizedPolicy
[11:35:41.773505]         0 > init - Epoch Greedy = 100   worker 2 at sim 2 of 2
[11:35:41.979856]      1000 > step - Epoch Greedy = 100   running LiSamplingOfflineBandit and ContextualEpochGreedyDisjointPolicy
[11:35:42.638473]      1000 > step - LinUCB alpha = 0.01  running LiSamplingOfflineBandit and LinUCBDisjointOptimizedPolicy
[11:35:43.291223]      2000 > step - Epoch Greedy = 100   running LiSamplingOfflineBandit and ContextualEpochGreedyDisjointPolicy
[11:35:43.538865]      2000 > step - LinUCB alpha = 0.01  running LiSamplingOfflineBandit and LinUCBDisjointOptimizedPolicy
[11:35:44.466430]      3000 > step - LinUCB alpha = 0.01  running LiSamplingOfflineBandit and LinUCBDisjointOptimizedPolicy
[11:35:45.375806]      4000 > step - LinUCB alpha = 0.01  running LiSamplingOfflineBandit and LinUCBDisjointOptimizedPolicy
[11:35:45.766504]      3000 > step - Epoch Greedy = 100   running LiSamplingOfflineBandit and ContextualEpochGreedyDisjointPolicy
[11:35:46.323276]      5000 > step - LinUCB alpha = 0.01  running LiSamplingOfflineBandit and LinUCBDisjointOptimizedPolicy
[11:35:47.301218]      6000 > step - LinUCB alpha = 0.01  running LiSamplingOfflineBandit and LinUCBDisjointOptimizedPolicy
[11:35:48.265446]      7000 > step - LinUCB alpha = 0.01  running LiSamplingOfflineBandit and LinUCBDisjointOptimizedPolicy
[11:35:48.727965]      4000 > step - Epoch Greedy = 100   running LiSamplingOfflineBandit and ContextualEpochGreedyDisjointPolicy
[11:35:49.176800]      8000 > step - LinUCB alpha = 0.01  running LiSamplingOfflineBandit and LinUCBDisjointOptimizedPolicy
[11:35:50.063679]      9000 > step - LinUCB alpha = 0.01  running LiSamplingOfflineBandit and LinUCBDisjointOptimizedPolicy
[11:35:50.979054]     10000 > step - LinUCB alpha = 0.01  running LiSamplingOfflineBandit and LinUCBDisjointOptimizedPolicy
[11:35:50.979054]         0 > init - LinUCB alpha = 0.1   worker 1 at sim 3 of 3
[11:35:51.835166]      5000 > step - Epoch Greedy = 100   running LiSamplingOfflineBandit and ContextualEpochGreedyDisjointPolicy
[11:35:51.928915]      1000 > step - LinUCB alpha = 0.1   running LiSamplingOfflineBandit and LinUCBDisjointOptimizedPolicy
[11:35:52.875767]      2000 > step - LinUCB alpha = 0.1   running LiSamplingOfflineBandit and LinUCBDisjointOptimizedPolicy
[11:35:53.816807]      3000 > step - LinUCB alpha = 0.1   running LiSamplingOfflineBandit and LinUCBDisjointOptimizedPolicy
[11:35:54.737977]      4000 > step - LinUCB alpha = 0.1   running LiSamplingOfflineBandit and LinUCBDisjointOptimizedPolicy
[11:35:55.135637]      6000 > step - Epoch Greedy = 100   running LiSamplingOfflineBandit and ContextualEpochGreedyDisjointPolicy
[11:35:55.654458]      5000 > step - LinUCB alpha = 0.1   running LiSamplingOfflineBandit and LinUCBDisjointOptimizedPolicy
[11:35:56.575664]      6000 > step - LinUCB alpha = 0.1   running LiSamplingOfflineBandit and LinUCBDisjointOptimizedPolicy
[11:35:57.594144]      7000 > step - LinUCB alpha = 0.1   running LiSamplingOfflineBandit and LinUCBDisjointOptimizedPolicy
[11:35:58.559675]      8000 > step - LinUCB alpha = 0.1   running LiSamplingOfflineBandit and LinUCBDisjointOptimizedPolicy
[11:35:58.650981]      7000 > step - Epoch Greedy = 100   running LiSamplingOfflineBandit and ContextualEpochGreedyDisjointPolicy
[11:35:59.509763]      9000 > step - LinUCB alpha = 0.1   running LiSamplingOfflineBandit and LinUCBDisjointOptimizedPolicy
[11:36:00.452886]     10000 > step - LinUCB alpha = 0.1   running LiSamplingOfflineBandit and LinUCBDisjointOptimizedPolicy
[11:36:01.830727]      8000 > step - Epoch Greedy = 100   running LiSamplingOfflineBandit and ContextualEpochGreedyDisjointPolicy
[11:36:04.312382]      9000 > step - Epoch Greedy = 100   running LiSamplingOfflineBandit and ContextualEpochGreedyDisjointPolicy
[11:36:06.843439]     10000 > step - Epoch Greedy = 100   running LiSamplingOfflineBandit and ContextualEpochGreedyDisjointPolicy
