starting worker pid=10884 on localhost:11174 at 17:04:51.183
starting worker pid=6280 on localhost:11174 at 17:04:51.463
starting worker pid=5760 on localhost:11174 at 17:04:51.745
Loading required package: contextual
Loading required package: contextual
Loading required package: contextual
loaded contextual and set parent environment
loaded contextual and set parent environment
loaded contextual and set parent environment
starting worker pid=11076 on localhost:11174 at 17:04:58.478
starting worker pid=2792 on localhost:11174 at 17:04:58.765
starting worker pid=6500 on localhost:11174 at 17:04:59.018
Loading required package: contextual
Loading required package: contextual
loaded contextual and set parent environment
Loading required package: contextual
loaded contextual and set parent environment
loaded contextual and set parent environment
Error in unserialize(node$con) : error reading from connection
Calls: <Anonymous> ... doTryCatch -> recvData -> recvData.SOCK0node -> unserialize
Execution halted
Error in unserialize(node$con) : error reading from connection
Calls: <Anonymous> ... doTryCatch -> recvData -> recvData.SOCK0node -> unserialize
Execution halted
Error in unserialize(node$con) : error reading from connection
Calls: <Anonymous> ... doTryCatch -> recvData -> recvData.SOCK0node -> unserialize
Execution halted
Error in unserialize(node$con) : error reading from connection
Calls: <Anonymous> ... doTryCatch -> recvData -> recvData.SOCK0node -> unserialize
Execution halted
Error in unserialize(node$con) : error reading from connection
Calls: <Anonymous> ... doTryCatch -> recvData -> recvData.SOCK0node -> unserialize
Execution halted
Error in unserialize(node$con) : error reading from connection
Calls: <Anonymous> ... doTryCatch -> recvData -> recvData.SOCK0node -> unserialize
Execution halted
starting worker pid=12888 on localhost:11174 at 17:07:02.884
starting worker pid=8868 on localhost:11174 at 17:07:03.131
starting worker pid=308 on localhost:11174 at 17:07:03.386
Loading required package: contextual
Loading required package: contextual
loaded contextual and set parent environment
Loading required package: contextual
loaded contextual and set parent environment
loaded contextual and set parent environment
starting worker pid=13596 on localhost:11174 at 17:07:29.607
starting worker pid=4192 on localhost:11174 at 17:07:29.849
starting worker pid=1992 on localhost:11174 at 17:07:30.125
Loading required package: contextual
Loading required package: contextual
Loading required package: contextual
loaded contextual and set parent environment
loaded contextual and set parent environment
loaded contextual and set parent environment
starting worker pid=1460 on localhost:11174 at 17:07:44.656
starting worker pid=1464 on localhost:11174 at 17:07:44.917
starting worker pid=12624 on localhost:11174 at 17:07:45.188
Loading required package: contextual
Loading required package: contextual
loaded contextual and set parent environment
Loading required package: contextual
loaded contextual and set parent environment
loaded contextual and set parent environment
Error in unserialize(node$con) : error reading from connection
Calls: <Anonymous> ... doTryCatch -> recvData -> recvData.SOCK0node -> unserialize
Execution halted
Error in unserialize(node$con) : error reading from connection
Calls: <Anonymous> ... doTryCatch -> recvData -> recvData.SOCK0node -> unserialize
Execution halted
Error in unserialize(node$con) : error reading from connection
Calls: <Anonymous> ... doTryCatch -> recvData -> recvData.SOCK0node -> unserialize
Execution halted
Error in unserialize(node$con) : error reading from connection
Calls: <Anonymous> ... doTryCatch -> recvData -> recvData.SOCK0node -> unserialize
Execution halted
Error in unserialize(node$con) : error reading from connection
Calls: <Anonymous> ... doTryCatch -> recvData -> recvData.SOCK0node -> unserialize
Execution halted
Error in unserialize(node$con) : error reading from connection
Calls: <Anonymous> ... doTryCatch -> recvData -> recvData.SOCK0node -> unserialize
Execution halted
starting worker pid=13512 on localhost:11174 at 17:09:54.172
starting worker pid=12728 on localhost:11174 at 17:09:54.420
starting worker pid=5756 on localhost:11174 at 17:09:54.665
Loading required package: contextual
Loading required package: contextual
loaded contextual and set parent environment
Loading required package: contextual
loaded contextual and set parent environment
loaded contextual and set parent environment
starting worker pid=2128 on localhost:11174 at 17:10:11.867
starting worker pid=7724 on localhost:11174 at 17:10:12.117
starting worker pid=13396 on localhost:11174 at 17:10:12.360
Loading required package: contextual
Loading required package: contextual
Loading required package: contextual
loaded contextual and set parent environment
loaded contextual and set parent environment
loaded contextual and set parent environment
Error in unserialize(node$con) : error reading from connection
Calls: <Anonymous> ... doTryCatch -> recvData -> recvData.SOCK0node -> unserialize
Execution halted
Error in unserialize(node$con) : error reading from connection
Calls: <Anonymous> ... doTryCatch -> recvData -> recvData.SOCK0node -> unserialize
Execution halted
Error in unserialize(node$con) : error reading from connection
Calls: <Anonymous> ... doTryCatch -> recvData -> recvData.SOCK0node -> unserialize
Execution halted
starting worker pid=11880 on localhost:11174 at 17:10:51.962
starting worker pid=12536 on localhost:11174 at 17:10:52.208
starting worker pid=10580 on localhost:11174 at 17:10:52.458
Loading required package: contextual
Loading required package: contextual
Loading required package: contextual
loaded contextual and set parent environment
loaded contextual and set parent environment
loaded contextual and set parent environment
starting worker pid=10076 on localhost:11174 at 17:11:37.797
starting worker pid=12380 on localhost:11174 at 17:11:38.046
starting worker pid=1096 on localhost:11174 at 17:11:38.290
Loading required package: contextual
Loading required package: contextual
Loading required package: contextual
loaded contextual and set parent environment
loaded contextual and set parent environment
loaded contextual and set parent environment
starting worker pid=13832 on localhost:11174 at 17:12:55.735
starting worker pid=7468 on localhost:11174 at 17:12:56.044
starting worker pid=8608 on localhost:11174 at 17:12:56.285
Loading required package: contextual
Loading required package: contextual
Loading required package: contextual
loaded contextual and set parent environment
loaded contextual and set parent environment
loaded contextual and set parent environment
starting worker pid=1736 on localhost:11174 at 17:13:48.987
starting worker pid=3796 on localhost:11174 at 17:13:49.222
starting worker pid=9280 on localhost:11174 at 17:13:49.472
Loading required package: contextual
Loading required package: contextual
Loading required package: contextual
loaded contextual and set parent environment
loaded contextual and set parent environment
loaded contextual and set parent environment
starting worker pid=10496 on localhost:11174 at 17:17:28.125
starting worker pid=6752 on localhost:11174 at 17:17:28.384
starting worker pid=5448 on localhost:11174 at 17:17:28.642
Loading required package: contextual
Loading required package: contextual
Loading required package: contextual
loaded contextual and set parent environment
loaded contextual and set parent environment
loaded contextual and set parent environment
starting worker pid=2296 on localhost:11174 at 17:20:18.344
starting worker pid=13576 on localhost:11174 at 17:20:18.652
starting worker pid=14044 on localhost:11174 at 17:20:18.892
Loading required package: contextual
Loading required package: contextual
Loading required package: contextual
loaded contextual and set parent environment
loaded contextual and set parent environment
loaded contextual and set parent environment
starting worker pid=10228 on localhost:11174 at 17:20:37.131
starting worker pid=11404 on localhost:11174 at 17:20:37.443
starting worker pid=4436 on localhost:11174 at 17:20:37.808
Loading required package: contextual
Loading required package: contextual
loaded contextual and set parent environment
Loading required package: contextual
loaded contextual and set parent environment
loaded contextual and set parent environment
Error in unserialize(node$con) : error reading from connection
Calls: <Anonymous> ... doTryCatch -> recvData -> recvData.SOCK0node -> unserialize
Execution halted
Error in unserialize(node$con) : error reading from connection
Calls: <Anonymous> ... doTryCatch -> recvData -> recvData.SOCK0node -> unserialize
Execution halted
Error in unserialize(node$con) : error reading from connection
Calls: <Anonymous> ... doTryCatch -> recvData -> recvData.SOCK0node -> unserialize
Execution halted
starting worker pid=2568 on localhost:11174 at 17:28:29.746
starting worker pid=10036 on localhost:11174 at 17:28:29.987
starting worker pid=14148 on localhost:11174 at 17:28:30.215
Loading required package: contextual
loaded contextual and set parent environment
Loading required package: contextual
Loading required package: contextual
loaded contextual and set parent environment
loaded contextual and set parent environment
starting worker pid=7844 on localhost:11174 at 17:47:15.405
starting worker pid=11684 on localhost:11174 at 17:47:15.654
starting worker pid=6512 on localhost:11174 at 17:47:15.912
Loading required package: contextual
Loading required package: contextual
Loading required package: contextual
loaded contextual and set parent environment
loaded contextual and set parent environment
loaded contextual and set parent environment
starting worker pid=7480 on localhost:11174 at 17:48:32.116
starting worker pid=13568 on localhost:11174 at 17:48:32.367
starting worker pid=11452 on localhost:11174 at 17:48:32.616
Loading required package: contextual
Loading required package: contextual
Loading required package: contextual
loaded contextual and set parent environment
loaded contextual and set parent environment
loaded contextual and set parent environment
starting worker pid=10316 on localhost:11174 at 18:18:10.399
starting worker pid=13924 on localhost:11174 at 18:18:10.646
starting worker pid=8024 on localhost:11174 at 18:18:10.937
Loading required package: contextual
Loading required package: contextual
loaded contextual and set parent environment
Loading required package: contextual
loaded contextual and set parent environment
loaded contextual and set parent environment
starting worker pid=7292 on localhost:11174 at 18:19:11.074
starting worker pid=2076 on localhost:11174 at 18:19:11.368
starting worker pid=13684 on localhost:11174 at 18:19:11.635
Loading required package: contextual
Loading required package: contextual
Loading required package: contextual
loaded contextual and set parent environment
loaded contextual and set parent environment
loaded contextual and set parent environment
starting worker pid=4984 on localhost:11174 at 18:20:40.913
starting worker pid=11556 on localhost:11174 at 18:20:41.168
starting worker pid=6148 on localhost:11174 at 18:20:41.416
Loading required package: contextual
Loading required package: contextual
loaded contextual and set parent environment
loaded contextual and set parent environment
Loading required package: contextual
loaded contextual and set parent environment
starting worker pid=1088 on localhost:11174 at 18:21:49.249
starting worker pid=4200 on localhost:11174 at 18:21:49.504
starting worker pid=13924 on localhost:11174 at 18:21:49.751
Loading required package: contextual
Loading required package: contextual
loaded contextual and set parent environment
loaded contextual and set parent environment
Loading required package: contextual
loaded contextual and set parent environment
starting worker pid=1056 on localhost:11174 at 18:22:43.031
starting worker pid=13280 on localhost:11174 at 18:22:43.322
starting worker pid=9716 on localhost:11174 at 18:22:43.563
Loading required package: contextual
Loading required package: contextual
loaded contextual and set parent environment
loaded contextual and set parent environment
Loading required package: contextual
loaded contextual and set parent environment
starting worker pid=10408 on localhost:11174 at 18:23:47.499
starting worker pid=10092 on localhost:11174 at 18:23:47.747
starting worker pid=13856 on localhost:11174 at 18:23:47.992
Loading required package: contextual
Loading required package: contextual
Loading required package: contextual
loaded contextual and set parent environment
loaded contextual and set parent environment
loaded contextual and set parent environment
starting worker pid=10452 on localhost:11174 at 18:25:04.617
starting worker pid=13464 on localhost:11174 at 18:25:04.871
starting worker pid=14112 on localhost:11174 at 18:25:05.133
Loading required package: contextual
Loading required package: contextual
Loading required package: contextual
loaded contextual and set parent environment
loaded contextual and set parent environment
loaded contextual and set parent environment
starting worker pid=10036 on localhost:11174 at 18:27:53.401
starting worker pid=332 on localhost:11174 at 18:27:53.663
starting worker pid=5996 on localhost:11174 at 18:27:53.908
Loading required package: contextual
Loading required package: contextual
Loading required package: contextual
loaded contextual and set parent environment
loaded contextual and set parent environment
loaded contextual and set parent environment
starting worker pid=13732 on localhost:11174 at 18:30:49.696
starting worker pid=6312 on localhost:11174 at 18:30:49.936
starting worker pid=8388 on localhost:11174 at 18:30:50.215
Loading required package: contextual
Loading required package: contextual
loaded contextual and set parent environment
Loading required package: contextual
loaded contextual and set parent environment
loaded contextual and set parent environment
starting worker pid=13844 on localhost:11174 at 18:34:39.765
starting worker pid=9728 on localhost:11174 at 18:34:40.036
starting worker pid=2324 on localhost:11174 at 18:34:40.454
Loading required package: contextual
Loading required package: contextual
loaded contextual and set parent environment
Loading required package: contextual
loaded contextual and set parent environment
loaded contextual and set parent environment
starting worker pid=7948 on localhost:11174 at 18:37:42.788
starting worker pid=13736 on localhost:11174 at 18:37:43.282
starting worker pid=6944 on localhost:11174 at 18:37:43.542
Loading required package: contextual
Loading required package: contextual
Loading required package: contextual
loaded contextual and set parent environment
loaded contextual and set parent environment
loaded contextual and set parent environment
starting worker pid=13064 on localhost:11174 at 18:42:35.822
starting worker pid=9184 on localhost:11174 at 18:42:36.076
starting worker pid=13864 on localhost:11174 at 18:42:36.703
Loading required package: contextual
Loading required package: contextual
Loading required package: contextual
loaded contextual and set parent environment
loaded contextual and set parent environment
loaded contextual and set parent environment
starting worker pid=6336 on localhost:11174 at 18:46:33.541
starting worker pid=13488 on localhost:11174 at 18:46:33.793
starting worker pid=1536 on localhost:11174 at 18:46:34.042
Loading required package: contextual
Loading required package: contextual
loaded contextual and set parent environment
Loading required package: contextual
loaded contextual and set parent environment
loaded contextual and set parent environment
starting worker pid=9880 on localhost:11174 at 18:53:50.655
starting worker pid=6980 on localhost:11174 at 18:53:50.933
starting worker pid=10676 on localhost:11174 at 18:53:51.264
Loading required package: contextual
Loading required package: contextual
Loading required package: contextual
loaded contextual and set parent environment
loaded contextual and set parent environment
loaded contextual and set parent environment
starting worker pid=11768 on localhost:11174 at 19:02:11.087
starting worker pid=14024 on localhost:11174 at 19:02:11.378
starting worker pid=10484 on localhost:11174 at 19:02:11.626
Loading required package: contextual
Loading required package: contextual
Loading required package: contextual
loaded contextual and set parent environment
loaded contextual and set parent environment
loaded contextual and set parent environment
starting worker pid=13280 on localhost:11174 at 19:07:33.603
starting worker pid=13632 on localhost:11174 at 19:07:33.902
starting worker pid=6552 on localhost:11174 at 19:07:34.169
Loading required package: contextual
Loading required package: contextual
Loading required package: contextual
loaded contextual and set parent environment
loaded contextual and set parent environment
loaded contextual and set parent environment
starting worker pid=9908 on localhost:11174 at 19:08:16.801
starting worker pid=1728 on localhost:11174 at 19:08:18.670
starting worker pid=6896 on localhost:11174 at 19:08:19.164
Loading required package: contextual
Loading required package: contextual
Loading required package: contextual
loaded contextual and set parent environment
loaded contextual and set parent environment
loaded contextual and set parent environment
starting worker pid=12420 on localhost:11174 at 19:12:57.277
starting worker pid=6748 on localhost:11174 at 19:12:57.529
starting worker pid=2720 on localhost:11174 at 19:12:57.833
Loading required package: contextual
Loading required package: contextual
loaded contextual and set parent environment
loaded contextual and set parent environment
Loading required package: contextual
loaded contextual and set parent environment
starting worker pid=456 on localhost:11174 at 19:14:07.925
starting worker pid=2072 on localhost:11174 at 19:14:08.183
starting worker pid=9372 on localhost:11174 at 19:14:08.443
Loading required package: contextual
Loading required package: contextual
loaded contextual and set parent environment
Loading required package: contextual
loaded contextual and set parent environment
loaded contextual and set parent environment
starting worker pid=14104 on localhost:11783 at 19:16:09.642
starting worker pid=7320 on localhost:11783 at 19:16:09.893
starting worker pid=708 on localhost:11783 at 19:16:10.155
Loading required package: contextual
Loading required package: contextual
Loading required package: contextual
loaded contextual and set parent environment
loaded contextual and set parent environment
loaded contextual and set parent environment
starting worker pid=13008 on localhost:11783 at 19:25:43.218
starting worker pid=11028 on localhost:11783 at 19:25:43.481
starting worker pid=7160 on localhost:11783 at 19:25:43.762
Loading required package: contextual
Loading required package: contextual
Loading required package: contextual
loaded contextual and set parent environment
loaded contextual and set parent environment
loaded contextual and set parent environment
starting worker pid=2784 on localhost:11783 at 19:33:21.421
starting worker pid=13896 on localhost:11783 at 19:33:21.676
starting worker pid=2676 on localhost:11783 at 19:33:21.941
Loading required package: contextual
Loading required package: contextual
Loading required package: contextual
loaded contextual and set parent environment
loaded contextual and set parent environment
loaded contextual and set parent environment
starting worker pid=14044 on localhost:11783 at 19:36:37.959
starting worker pid=6352 on localhost:11783 at 19:36:38.234
starting worker pid=13492 on localhost:11783 at 19:36:38.485
Loading required package: contextual
Loading required package: contextual
Loading required package: contextual
loaded contextual and set parent environment
loaded contextual and set parent environment
loaded contextual and set parent environment
starting worker pid=13064 on localhost:11783 at 19:40:20.102
starting worker pid=10408 on localhost:11783 at 19:40:20.362
starting worker pid=6452 on localhost:11783 at 19:40:20.624
Loading required package: contextual
Loading required package: contextual
Loading required package: contextual
loaded contextual and set parent environment
loaded contextual and set parent environment
loaded contextual and set parent environment
starting worker pid=5068 on localhost:11783 at 19:41:43.287
starting worker pid=5936 on localhost:11783 at 19:41:43.660
starting worker pid=308 on localhost:11783 at 19:41:43.941
Loading required package: contextual
Loading required package: contextual
loaded contextual and set parent environment
Loading required package: contextual
loaded contextual and set parent environment
loaded contextual and set parent environment
starting worker pid=312 on localhost:11783 at 19:42:43.490
starting worker pid=2964 on localhost:11783 at 19:42:43.753
starting worker pid=11448 on localhost:11783 at 19:42:44.008
Loading required package: contextual
Loading required package: contextual
Loading required package: contextual
loaded contextual and set parent environment
loaded contextual and set parent environment
loaded contextual and set parent environment
starting worker pid=6984 on localhost:11783 at 19:43:24.960
starting worker pid=9776 on localhost:11783 at 19:43:25.243
starting worker pid=13756 on localhost:11783 at 19:43:25.538
Loading required package: contextual
Loading required package: contextual
Loading required package: contextual
loaded contextual and set parent environment
loaded contextual and set parent environment
loaded contextual and set parent environment
starting worker pid=4336 on localhost:11783 at 19:46:32.506
starting worker pid=10872 on localhost:11783 at 19:46:32.777
starting worker pid=11972 on localhost:11783 at 19:46:33.026
Loading required package: contextual
Loading required package: contextual
loaded contextual and set parent environment
loaded contextual and set parent environment
loaded contextual and set parent environment
starting worker pid=484 on localhost:11783 at 19:47:03.574
starting worker pid=10800 on localhost:11783 at 19:47:03.824
starting worker pid=9724 on localhost:11783 at 19:47:04.080
Loading required package: contextual
Loading required package: contextual
Loading required package: contextual
loaded contextual and set parent environment
loaded contextual and set parent environment
loaded contextual and set parent environment
starting worker pid=13688 on localhost:11783 at 19:47:43.873
starting worker pid=13660 on localhost:11783 at 19:47:44.124
starting worker pid=2568 on localhost:11783 at 19:47:44.370
Loading required package: contextual
Loading required package: contextual
Loading required package: contextual
loaded contextual and set parent environment
loaded contextual and set parent environment
loaded contextual and set parent environment
starting worker pid=10328 on localhost:11783 at 19:50:07.843
starting worker pid=10852 on localhost:11783 at 19:50:08.095
starting worker pid=9908 on localhost:11783 at 19:50:08.355
Loading required package: contextual
loaded contextual and set parent environment
Loading required package: contextual
loaded contextual and set parent environment
Loading required package: contextual
loaded contextual and set parent environment
starting worker pid=4560 on localhost:11783 at 19:58:39.225
starting worker pid=4500 on localhost:11783 at 19:58:39.476
starting worker pid=4436 on localhost:11783 at 19:58:39.741
Loading required package: contextual
Loading required package: contextual
Loading required package: contextual
loaded contextual and set parent environment
loaded contextual and set parent environment
loaded contextual and set parent environment
starting worker pid=13408 on localhost:11783 at 20:16:29.316
starting worker pid=7872 on localhost:11783 at 20:16:29.560
starting worker pid=7020 on localhost:11783 at 20:16:29.798
Loading required package: contextual
Loading required package: contextual
Loading required package: contextual
loaded contextual and set parent environment
loaded contextual and set parent environment
loaded contextual and set parent environment
